Report       : zad4
Date         : 04-19-2021
Time         : 14:31:15

Compiler     : BASCOM-AVR LIBRARY V 2.0.7.9,  DEMO Edition
Processor    : TINY24
SRAM         : 80 hex
EEPROM       : 80 hex
ROMSIZE      : 800 hex

ROMIMAGE     : 1A8 hex  -> Will fit into ROM
ROMIMAGE     :  424 dec
FLASH USED   :  20  %
BAUD         : 9600 Baud
XTAL         : 4000000 Hz
BAUD error   : 100.%

Stack start  : DF hex
Stack size   : 28 hex
S-Stacksize  : 10 hex
S-Stackstart : B8 hex
Framesize    : 20 hex
Framestart   : 88 hex
Space left   :  35  dec

LCD DB7      : PORTB.7
LCD DB6      : PORTB.6
LCD DB5      : PORTB.5
LCD DB4      : PORTB.4
LCD E        : PORTB.3
LCD RS       : PORTB.2
LCD mode     :  4  bit

--------------------------------------------------------------------------------
Variable                         Type            Address(hex)   Address(dec)
--------------------------------------------------------------------------------
SP                               Word              005D          93 
TCNT1                            Word              004C          76 
OCR1A                            Word              004A          74 
OCR1B                            Word              0048          72 
ICR1                             Word              0044          68 
EEAR                             Word              003E          62 
ADC                              Word              0024          36 
TIMER1                           Word              004C          76 
COMPARE1A                        Word              004A          74 
COMPARE1B                        Word              0048          72 
CAPTURE1                         Word              0044          68 
HWSTACK                          Word              005D          93 
SWSTACK                          Word              001C          28 
FRAME                            Word              0004          4 
R0                                                 0000          0 
R1                                                 0001          1 
R2                                                 0002          2 
R3                                                 0003          3 
R4                                                 0004          4 
R5                                                 0005          5 
R6                                                 0006          6 
R7                                                 0007          7 
R8                                                 0008          8 
R9                                                 0009          9 
R10                                                000A          10 
R11                                                000B          11 
R12                                                000C          12 
R13                                                000D          13 
R14                                                000E          14 
R15                                                000F          15 
R16                                                0010          16 
R17                                                0011          17 
R18                                                0012          18 
R19                                                0013          19 
R20                                                0014          20 
R21                                                0015          21 
R22                                                0016          22 
R23                                                0017          23 
R24                                                0018          24 
R25                                                0019          25 
R26                                                001A          26 
R27                                                001B          27 
R28                                                001C          28 
R29                                                001D          29 
R30                                                001E          30 
R31                                                001F          31 
ADCD                             Word              0024          36 
COUNTER1                         Word              004C          76 
TIMER1                           Word              004C          76 
CAPTURE1                         Word              0044          68 
COMPARE1A                        Word              004A          74 
PWM1A                            Word              004A          74 
COMPARE1                         Word              004A          74 
PWM1B                            Word              0048          72 
COMPARE1B                        Word              0048          72 
PWM0A                            Byte              0056          86 
PWM0B                            Byte              005C          92 
ERR                              Bit [2]           0006          6 
H                                Byte              0060          96 
L                                Byte              0061          97 
D                                Word              0062          98 

--------------------------------------------------------------------------------
Constant                         Value
--------------------------------------------------------------------------------
SREG                             &H3F
SPL                              &H3D
OCR0B                            &H3C
PWM0B                            &H3C
COMPARE0B                        &H3C
GIMSK                            &H3B
GIFR                             &H3A
TIMSK                            &H39
TIMSK0                           &H39
TIFR                             &H38
TIFR0                            &H38
SPMCSR                           &H37
OCR0A                            &H36
PWM0A                            &H36
COMPARE0A                        &H36
MCUCR                            &H35
MCUSR                            &H34
MCUCSR                           &H34
TCCR0B                           &H33
TCCR0                            &H33
TCNT0                            &H32
COUNTER0                         &H32
TIMER0                           &H32
OSCCAL                           &H31
TCCR0A                           &H30
TCCR1A                           &H2F
TCCR1B                           &H2E
TCNT1H                           &H2D
TCNT1L                           &H2C
OCR1AH                           &H2B
OCR1AL                           &H2A
OCR1BH                           &H29
OCR1BL                           &H28
DWDR                             &H27
CLKPR                            &H26
ICR1H                            &H25
ICR1L                            &H24
GTCCR                            &H23
TCCR1C                           &H22
WDTCSR                           &H21
WDTCR                            &H21
PCMSK1                           &H20
EEARH                            &H1F
EEARL                            &H1E
EEDR                             &H1D
EECR                             &H1C
PORTA                            &H1B
DDRA                             &H1A
PINA                             &H19
PORTB                            &H18
DDRB                             &H17
PINB                             &H16
GPIOR2                           &H15
GPIOR1                           &H14
GPIOR0                           &H13
PCMSK0                           &H12
USIBR                            &H10
USIDR                            &H0F
USISR                            &H0E
USICR                            &H0D
TIMSK1                           &H0C
TIFR1                            &H0B
ACSR                             &H08
ADMUX                            &H07
ADCSRA                           &H06
ADCSR                            &H06
ADCH                             &H05
ADCL                             &H04
ADCSRB                           &H03
DIDR0                            &H01
PRR                              &H00
_ROMSIZE                         2048
PORTA0                           0
PA0                              0
PORTA1                           1
PA1                              1
PORTA2                           2
PA2                              2
PORTA3                           3
PA3                              3
PORTA4                           4
PA4                              4
PORTA5                           5
PA5                              5
PORTA6                           6
PA6                              6
PORTA7                           7
PA7                              7
DDA0                             0
DDA1                             1
DDA2                             2
DDA3                             3
DDA4                             4
DDA5                             5
DDA6                             6
DDA7                             7
PINA0                            0
PINA1                            1
PINA2                            2
PINA3                            3
PINA4                            4
PINA5                            5
PINA6                            6
PINA7                            7
PORTB0                           0
PB0                              0
PORTB1                           1
PB1                              1
PORTB2                           2
PB2                              2
PORTB3                           3
PB3                              3
DDB0                             0
DDB1                             1
DDB2                             2
DDB3                             3
PINB0                            0
PINB1                            1
PINB2                            2
PINB3                            3
ACME                             6
ACIS0                            0
ACIS1                            1
ACIC                             2
ACIE                             3
ACI                              4
ACO                              5
ACBG                             6
AINBG                            ACBG
ACD                              7
ADC0D                            0
ADC1D                            1
MUX0                             0
MUX1                             1
MUX2                             2
MUX3                             3
MUX4                             4
MUX5                             5
REFS0                            6
REFS1                            7
ADPS0                            0
ADPS1                            1
ADPS2                            2
ADIE                             3
ADIF                             4
ADATE                            5
ADSC                             6
ADEN                             7
ADCH0                            0
ADCH1                            1
ADCH2                            2
ADCH3                            3
ADCH4                            4
ADCH5                            5
ADCH6                            6
ADCH7                            7
ADCL0                            0
ADCL1                            1
ADCL2                            2
ADCL3                            3
ADCL4                            4
ADCL5                            5
ADCL6                            6
ADCL7                            7
ADTS0                            0
ADTS1                            1
ADTS2                            2
ADLAR                            4
BIN_                             7
ADC2D                            2
ADC3D                            3
ADC4D                            4
ADC5D                            5
ADC6D                            6
ADC7D                            7
USIBR0                           0
USIBR1                           1
USIBR2                           2
USIBR3                           3
USIBR4                           4
USIBR5                           5
USIBR6                           6
USIBR7                           7
USIDR0                           0
USIDR1                           1
USIDR2                           2
USIDR3                           3
USIDR4                           4
USIDR5                           5
USIDR6                           6
USIDR7                           7
USICNT0                          0
USICNT1                          1
USICNT2                          2
USICNT3                          3
USIDC                            4
USIPF                            5
USIOIF                           6
USISIF                           7
USITC                            0
USICLK                           1
USICS0                           2
USICS1                           3
USIWM0                           4
USIWM1                           5
USIOIE                           6
USISIE                           7
ISC00                            0
ISC01                            1
GICR                             GIMSK
PCIE0                            4
PCIE1                            5
INT0                             6
PCIF0                            4
PCIF1                            5
INTF0                            6
PCINT8                           0
PCINT9                           1
PCINT10                          2
PCINT11                          3
PCINT0                           0
PCINT1                           1
PCINT2                           2
PCINT3                           3
PCINT4                           4
PCINT5                           5
PCINT6                           6
PCINT7                           7
EEAR0                            0
EEAR1                            1
EEAR2                            2
EEAR3                            3
EEAR4                            4
EEAR5                            5
EEAR6                            6
EEAR7                            7
EEAR8                            0
EEDR0                            0
EEDR1                            1
EEDR2                            2
EEDR3                            3
EEDR4                            4
EEDR5                            5
EEDR6                            6
EEDR7                            7
EERE                             0
EEPE                             1
EEMPE                            2
EERIE                            3
EEPM0                            4
EEPM1                            5
WDP0                             0
WDP1                             1
WDP2                             2
WDE                              3
WDCE                             4
WDP3                             5
WDIE                             6
WDIF                             7
TOIE0                            0
OCIE0A                           1
OCIE0B                           2
TOV0                             0
OCF0A                            1
OCF0B                            2
WGM00                            0
WGM01                            1
COM0B0                           4
COM0B1                           5
COM0A0                           6
COM0A1                           7
CS00                             0
CS01                             1
CS02                             2
WGM02                            3
FOC0B                            6
FOC0A                            7
TCNT0_0                          0
TCNT0_1                          1
TCNT0_2                          2
TCNT0_3                          3
TCNT0_4                          4
TCNT0_5                          5
TCNT0_6                          6
TCNT0_7                          7
OCR0_0                           0
OCR0_1                           1
OCR0_2                           2
OCR0_3                           3
OCR0_4                           4
OCR0_5                           5
OCR0_6                           6
OCR0_7                           7
PSR10                            0
TSM                              7
TOIE1                            0
OCIE1A                           1
OCIE1B                           2
ICIE1                            5
TOV1                             0
OCF1A                            1
OCF1B                            2
ICF1                             5
WGM10                            0
PWM10                            WGM10
WGM11                            1
PWM11                            WGM11
COM1B0                           4
COM1B1                           5
COM1A0                           6
COM1A1                           7
CS10                             0
CS11                             1
CS12                             2
WGM12                            3
CTC1                             WGM12
WGM13                            4
ICES1                            6
ICNC1                            7
FOC1B                            6
FOC1A                            7
SREG_C                           0
SREG_Z                           1
SREG_N                           2
SREG_V                           3
SREG_S                           4
SREG_H                           5
SREG_T                           6
SREG_I                           7
SM0                              3
SM1                              4
SE                               5
PUD                              6
PORF                             0
EXTRF                            1
BORF                             2
WDRF                             3
CAL0                             0
CAL1                             1
CAL2                             2
CAL3                             3
CAL4                             4
CAL5                             5
CAL6                             6
CAL7                             7
GPIOR20                          0
GPIOR21                          1
GPIOR22                          2
GPIOR23                          3
GPIOR24                          4
GPIOR25                          5
GPIOR26                          6
GPIOR27                          7
GPIOR10                          0
GPIOR11                          1
GPIOR12                          2
GPIOR13                          3
GPIOR14                          4
GPIOR15                          5
GPIOR16                          6
GPIOR17                          7
GPIOR00                          0
GPIOR01                          1
GPIOR02                          2
GPIOR03                          3
GPIOR04                          4
GPIOR05                          5
GPIOR06                          6
GPIOR07                          7
PRADC                            0
PRUSI                            1
PRTIM0                           2
PRTIM1                           3
CLKPS0                           0
CLKPS1                           1
CLKPS2                           2
CLKPS3                           3
CLKPCE                           7
SPMEN                            0
PGERS                            1
PGWRT                            2
RFLB                             3
CTPB                             4
LB1                              0
LB2                              1
CKSEL0                           0
CKSEL1                           1
CKSEL2                           2
CKSEL3                           3
SUT0                             4
SUT1                             5
CKOUT                            6
CKDIV8                           7
BODLEVEL0                        0
BODLEVEL1                        1
BODLEVEL2                        2
EESAVE                           3
WDTON                            4
SPIEN                            5
DWEN                             6
RSTDISBL                         7
SELFPRGEN                        0
_DATE_FORMAT                     0
_DATE_SEPARATOR                  92
_GSTRBUF                         136
_DECIMALPOINT                    46
_RTSCTS                          0
_RTSCTS1                         0
_RTSCTS3                         0
_RTSCTS4                         0
_RTSCTS5                         0
_RTSCTS6                         0
_RTSCTS7                         0
_RTSCTS8                         0
_CHIP                            46
_RAMSIZE                         128
_ERAMSIZE                        128
_SIM                             0
_HUGE                            0
_BASE                            1
_XTAL                            4000000
_BUILD                           20790
_COMPILER                        90
_HWMUL                           0
_DOSFILEWRITE                    0
_DOSDIRWRITE                     0
_1WEXT                           0
_ADC_REFMODEL                    0
_UARTS                           0
_HWSTACKSTART                    223
_TIMEOUT                         0
_PBIN_EXTENDED                   0
_BIGSTRINGS                      0
SEROUT_EXTPULL                   1
_FPROTECT                        0
_HWSTACK_LOW                     &H00B7
_SWSTACK_LOW                     &H00A8
_FRAME_HIGH                      &H00A9
_XMEGA                           0
CBITINFINITY                     0
CMBITINFINITY                    1
CBITZERO                         1
CMBITZERO                        2
CBITNAN                          2
CMBITNAN                         4
CBITNANIFINF                     3
CMBITNANIFINF                    8
CBITNANIFMINUS                   4
CMBITNANIFMINUS                  16
CBITSIGN                         7
CMBITSIGN                        128
CEXPADDOFFSET                    0
CEXPSUBOFFSET                    12
CEXPMULOFFSET                    24
CEXPDIVOFFSET                    36


--------------------------------------------------------------------------------
Warnings:
--------------------------------------------------------------------------------
SP                               not used
TCNT1                            not used
OCR1A                            not used
OCR1B                            not used
ICR1                             not used
EEAR                             not used
ADC                              not used
R0                               not used
R1                               not used
R2                               not used
R3                               not used
R4                               not used
R5                               not used
R6                               not used
R7                               not used
R8                               not used
R9                               not used
R10                              not used
R11                              not used
R12                              not used
R13                              not used
R14                              not used
R15                              not used
R16                              not used
R17                              not used
R18                              not used
R19                              not used
R20                              not used
R21                              not used
R22                              not used
R23                              not used
R24                              not used
R25                              not used
R26                              not used
R27                              not used
R28                              not used
R29                              not used
R30                              not used
R31                              not used
ADCD                             not used
COMPARE1                         not used
PWM1B                            not used
PWM0A                            not used
PWM0B                            not used

High Baud rate error  in line  0 
